Unity Editor version:    2021.2.19f1 (602ecdbb2fb0)
Branch:                  2021.2/staging
Build type:              Release
Batch mode:              YES
macOS version:           Version 12.4 (Build 21F79)
Darwin version:          21.5.0
Architecture:            arm64
Running under Rosetta:   NO
Available memory:        65536 MB
Using pre-set license
Pro License: YES

COMMAND LINE ARGUMENTS:
/Applications/Unity/Hub/Editor/2021.2.19f1/Unity.app/Contents/MacOS/Unity
-adb2
-batchMode
-noUpm
-name
AssetImportWorker1
-projectPath
/Users/Tamer/Library/CloudStorage/OneDrive-Personal/UOL GoldSmiths/Level 6/VR/BoxingGym_VR
-logFile
Logs/AssetImportWorker1.log
-srvPort
60633
Successfully changed project path to: /Users/Tamer/Library/CloudStorage/OneDrive-Personal/UOL GoldSmiths/Level 6/VR/BoxingGym_VR
/Users/Tamer/Library/CloudStorage/OneDrive-Personal/UOL GoldSmiths/Level 6/VR/BoxingGym_VR
[UnityMemory] Configuration Parameters - Can be set up in boot.config
    "memorysetup-bucket-allocator-granularity=16"
    "memorysetup-bucket-allocator-bucket-count=8"
    "memorysetup-bucket-allocator-block-size=33554432"
    "memorysetup-bucket-allocator-block-count=8"
    "memorysetup-main-allocator-block-size=16777216"
    "memorysetup-thread-allocator-block-size=16777216"
    "memorysetup-gfx-main-allocator-block-size=16777216"
    "memorysetup-gfx-thread-allocator-block-size=16777216"
    "memorysetup-cache-allocator-block-size=4194304"
    "memorysetup-typetree-allocator-block-size=2097152"
    "memorysetup-profiler-bucket-allocator-granularity=16"
    "memorysetup-profiler-bucket-allocator-bucket-count=8"
    "memorysetup-profiler-bucket-allocator-block-size=33554432"
    "memorysetup-profiler-bucket-allocator-block-count=8"
    "memorysetup-profiler-allocator-block-size=16777216"
    "memorysetup-profiler-editor-allocator-block-size=1048576"
    "memorysetup-temp-allocator-size-main=16777216"
    "memorysetup-job-temp-allocator-block-size=2097152"
    "memorysetup-job-temp-allocator-block-size-background=1048576"
    "memorysetup-job-temp-allocator-reduction-small-platforms=262144"
    "memorysetup-temp-allocator-size-background-worker=32768"
    "memorysetup-temp-allocator-size-job-worker=262144"
    "memorysetup-temp-allocator-size-preload-manager=33554432"
    "memorysetup-temp-allocator-size-nav-mesh-worker=65536"
    "memorysetup-temp-allocator-size-audio-worker=65536"
    "memorysetup-temp-allocator-size-cloud-worker=32768"
    "memorysetup-temp-allocator-size-gi-baking-worker=262144"
    "memorysetup-temp-allocator-size-gfx=262144"
Refreshing native plugins compatible for Editor in 79.98 ms, found 3 plugins.
Preloading 1 native plugins for Editor in 3.05 ms.
Initialize engine version: 2021.2.19f1 (602ecdbb2fb0)
[Subsystems] Discovering subsystems at path /Applications/Unity/Hub/Editor/2021.2.19f1/Unity.app/Contents/Resources/UnitySubsystems
[Subsystems] Discovering subsystems at path /Users/Tamer/Library/CloudStorage/OneDrive-Personal/UOL GoldSmiths/Level 6/VR/BoxingGym_VR/Assets
GfxDevice: creating device client; threaded=0; jobified=0
 preferred device: Apple M1 Max (high power)
Metal devices available: 1
0: Apple M1 Max (high power)
Using device Apple M1 Max (high power)
Initializing Metal device caps: Apple M1 Max
Initialize mono
Mono path[0] = '/Applications/Unity/Hub/Editor/2021.2.19f1/Unity.app/Contents/Managed'
Mono path[1] = '/Applications/Unity/Hub/Editor/2021.2.19f1/Unity.app/Contents/MonoBleedingEdge/lib/mono/unityjit-macos'
Mono config path = '/Applications/Unity/Hub/Editor/2021.2.19f1/Unity.app/Contents/MonoBleedingEdge/etc'
Using monoOptions --debugger-agent=transport=dt_socket,embedding=1,server=y,suspend=n,address=127.0.0.1:56777
Begin MonoManager ReloadAssembly
Registering precompiled unity dll's ...
Register platform support module: /Applications/Unity/Hub/Editor/2021.2.19f1/Unity.app/Contents/PlaybackEngines/MacStandaloneSupport/UnityEditor.OSXStandalone.Extensions.dll
Register platform support module: /Applications/Unity/Hub/Editor/2021.2.19f1/PlaybackEngines/AndroidPlayer/UnityEditor.Android.Extensions.dll
Registered in 0.000510 seconds.
Native extension for Android target not found
Native extension for OSXStandalone target not found
Refreshing native plugins compatible for Editor in 80.49 ms, found 3 plugins.
Preloading 1 native plugins for Editor in 0.22 ms.
Mono: successfully reloaded assembly
- Completed reload, in  0.391 seconds
Domain Reload Profiling:
	ReloadAssembly (391ms)
		BeginReloadAssembly (26ms)
			ExecutionOrderSort (0ms)
			DisableScriptedObjects (0ms)
			BackupInstance (0ms)
			ReleaseScriptingObjects (0ms)
			CreateAndSetChildDomain (0ms)
		EndReloadAssembly (301ms)
			LoadAssemblies (26ms)
			RebuildTransferFunctionScriptingTraits (0ms)
			SetupTypeCache (67ms)
			ReleaseScriptCaches (0ms)
			RebuildScriptCaches (19ms)
			SetupLoadedEditorAssemblies (188ms)
				LogAssemblyErrors (0ms)
				InitializePlatformSupportModulesInManaged (28ms)
				SetLoadedEditorAssemblies (0ms)
				RefreshPlugins (81ms)
				BeforeProcessingInitializeOnLoad (1ms)
				ProcessInitializeOnLoadAttributes (52ms)
				ProcessInitializeOnLoadMethodAttributes (26ms)
				AfterProcessingInitializeOnLoad (0ms)
				EditorAssembliesLoaded (0ms)
			ExecutionOrderSort2 (0ms)
			AwakeInstancesAfterBackupRestoration (0ms)
Platform modules already initialized, skipping
Registering precompiled user dll's ...
Registered in 0.001923 seconds.
Begin MonoManager ReloadAssembly
Symbol file LoadedFromMemory doesn't match image /Users/Tamer/Library/CloudStorage/OneDrive-Personal/UOL GoldSmiths/Level 6/VR/BoxingGym_VR/Library/PackageCache/com.unity.visualscripting@1.7.6/Editor/VisualScripting.Core/Dependencies/YamlDotNet/Unity.VisualScripting.YamlDotNet.dll
Symbol file LoadedFromMemory is not a mono symbol file
Symbol file LoadedFromMemory doesn't match image /Users/Tamer/Library/CloudStorage/OneDrive-Personal/UOL GoldSmiths/Level 6/VR/BoxingGym_VR/Library/PackageCache/com.unity.visualscripting@1.7.6/Editor/VisualScripting.Core/Dependencies/DotNetZip/Unity.VisualScripting.IonicZip.dll
Native extension for Android target not found
Native extension for OSXStandalone target not found
Refreshing native plugins compatible for Editor in 76.63 ms, found 3 plugins.
Preloading 1 native plugins for Editor in 0.23 ms.
Package Manager log level set to [2]
Mono: successfully reloaded assembly
- Completed reload, in  0.851 seconds
Domain Reload Profiling:
	ReloadAssembly (851ms)
		BeginReloadAssembly (162ms)
			ExecutionOrderSort (0ms)
			DisableScriptedObjects (4ms)
			BackupInstance (0ms)
			ReleaseScriptingObjects (0ms)
			CreateAndSetChildDomain (117ms)
		EndReloadAssembly (623ms)
			LoadAssemblies (38ms)
			RebuildTransferFunctionScriptingTraits (0ms)
			SetupTypeCache (170ms)
			ReleaseScriptCaches (4ms)
			RebuildScriptCaches (37ms)
			SetupLoadedEditorAssemblies (342ms)
				LogAssemblyErrors (0ms)
				InitializePlatformSupportModulesInManaged (6ms)
				SetLoadedEditorAssemblies (0ms)
				RefreshPlugins (77ms)
				BeforeProcessingInitializeOnLoad (70ms)
				ProcessInitializeOnLoadAttributes (177ms)
				ProcessInitializeOnLoadMethodAttributes (11ms)
				AfterProcessingInitializeOnLoad (1ms)
				EditorAssembliesLoaded (0ms)
			ExecutionOrderSort2 (0ms)
			AwakeInstancesAfterBackupRestoration (2ms)
Platform modules already initialized, skipping
========================================================================
Worker process is ready to serve import requests
Launching external process: /Applications/Unity/Hub/Editor/2021.2.19f1/Unity.app/Contents/Tools/UnityShaderCompiler
Launched and connected shader compiler UnityShaderCompiler after 0.04 seconds
Refreshing native plugins compatible for Editor in 0.53 ms, found 3 plugins.
Preloading 1 native plugins for Editor in 0.25 ms.
Unloading 3959 Unused Serialized files (Serialized files now loaded: 0)
Unloading 28 unused Assets / (95.8 KB). Loaded Objects now: 4423.
Memory consumption went from 260.3 MB to 260.2 MB.
Total: 2.556166 ms (FindLiveObjects: 0.127250 ms CreateObjectMapping: 0.047792 ms MarkObjects: 2.284917 ms  DeleteObjects: 0.095417 ms)

AssetImportParameters requested are different than current active one (requested -> active):
  custom:video-decoder-ogg-theora: a1e56fd34408186e4bbccfd4996cb3dc -> 
  custom:container-muxer-webm: aa71ff27fc2769a1b78a27578f13a17b -> 
  custom:container-demuxer-webm: 4f35f7cbe854078d1ac9338744f61a02 -> 
  custom:video-encoder-webm-vp8: eb34c28f22e8b96e1ab97ce403110664 -> 
  custom:framework-osx-AVFoundation: e770b220cccbd017edd2c1fefb359320 -> 
  custom:audio-encoder-webm-vorbis: bf7c407c2cedff20999df2af8eb42d56 -> 
  custom:container-demuxer-ogg: 62fdf1f143b41e24485cea50d1cbac27 -> 
  custom:video-decoder-webm-vp8: 9c59270c3fd7afecdb556c50c9e8de78 -> 
  custom:audio-decoder-ogg-vorbis: bf7c407c2cedff20999df2af8eb42d56 -> 
========================================================================
Received Import Request.
  Time since last request: 17677.915610 seconds.
  path: Assets/VIASS VR Music Boxing Pack/File Material/Materials_Environment BG2/VIASS_lightcylinder01_mesh.mat
  artifactKey: Guid(5e0319a8b70088249861c1e03b27e6bd) Importer(815301076,1909f56bfc062723c751e8b465ee728b)
Start importing Assets/VIASS VR Music Boxing Pack/File Material/Materials_Environment BG2/VIASS_lightcylinder01_mesh.mat using Guid(5e0319a8b70088249861c1e03b27e6bd) Importer(815301076,1909f56bfc062723c751e8b465ee728b)  -> (artifact id: '4fa1f7aa2e9cd2e51dc3cc8f7f844aa7') in 0.277789 seconds 
========================================================================
Received Import Request.
  Time since last request: 0.000060 seconds.
  path: Assets/VIASS VR Music Boxing Pack/File Material/Materials_Environment BG2/VIASS_ring_anim2.mat
  artifactKey: Guid(7d76fb9a085949f43922c8de16f776a5) Importer(815301076,1909f56bfc062723c751e8b465ee728b)
Start importing Assets/VIASS VR Music Boxing Pack/File Material/Materials_Environment BG2/VIASS_ring_anim2.mat using Guid(7d76fb9a085949f43922c8de16f776a5) Importer(815301076,1909f56bfc062723c751e8b465ee728b)  -> (artifact id: '1859ae559b9c7853d42b15be195fa63b') in 0.174407 seconds 
========================================================================
Received Import Request.
  Time since last request: 0.000045 seconds.
  path: Assets/VIASS VR Music Boxing Pack/File Material/Materials_Environment BG2/VIASS_tube.mat
  artifactKey: Guid(514ade8255a83da4f8b5ebf6e879e9c3) Importer(815301076,1909f56bfc062723c751e8b465ee728b)
Start importing Assets/VIASS VR Music Boxing Pack/File Material/Materials_Environment BG2/VIASS_tube.mat using Guid(514ade8255a83da4f8b5ebf6e879e9c3) Importer(815301076,1909f56bfc062723c751e8b465ee728b)  -> (artifact id: '295682f1464e723163e8fbcf43c9ba36') in 0.119940 seconds 
========================================================================
Received Import Request.
  Time since last request: 0.886366 seconds.
  path: Assets/VIASS VR Music Boxing Pack/File Material/Materials_VIASS Environment BG1/APV_VR-Music_Texture-Lighting_anim.mat
  artifactKey: Guid(72169a79bc262c5419a63568e0fd8019) Importer(815301076,1909f56bfc062723c751e8b465ee728b)
Start importing Assets/VIASS VR Music Boxing Pack/File Material/Materials_VIASS Environment BG1/APV_VR-Music_Texture-Lighting_anim.mat using Guid(72169a79bc262c5419a63568e0fd8019) Importer(815301076,1909f56bfc062723c751e8b465ee728b)  -> (artifact id: '124ce8d31fe17b7c14cfc3ffb6a87591') in 0.121300 seconds 
========================================================================
Received Import Request.
  Time since last request: 0.000039 seconds.
  path: Assets/VIASS VR Music Boxing Pack/File Material/Materials_VIASS Environment BG1/VIASS VRMusic_Torus_BG1.mat
  artifactKey: Guid(389be736a3f29b347b397064d625f300) Importer(815301076,1909f56bfc062723c751e8b465ee728b)
Start importing Assets/VIASS VR Music Boxing Pack/File Material/Materials_VIASS Environment BG1/VIASS VRMusic_Torus_BG1.mat using Guid(389be736a3f29b347b397064d625f300) Importer(815301076,1909f56bfc062723c751e8b465ee728b)  -> (artifact id: '602f0497527d50a7cad65207ab333913') in 0.005623 seconds 
========================================================================
Received Import Request.
  Time since last request: 0.000042 seconds.
  path: Assets/VIASS VR Music Boxing Pack/File Material/Materials_VIASS Environment BG1/VIASS VRMusic_lighting Neon2_BG1.mat
  artifactKey: Guid(bb95891c4b551c04cbf14ff1236c1a9d) Importer(815301076,1909f56bfc062723c751e8b465ee728b)
Start importing Assets/VIASS VR Music Boxing Pack/File Material/Materials_VIASS Environment BG1/VIASS VRMusic_lighting Neon2_BG1.mat using Guid(bb95891c4b551c04cbf14ff1236c1a9d) Importer(815301076,1909f56bfc062723c751e8b465ee728b)  -> (artifact id: '453f7e75322cf444e0f1e389887237ce') in 0.122659 seconds 
========================================================================
Received Import Request.
  Time since last request: 2.789532 seconds.
  path: Assets/VIASS VR Music Boxing Pack/File prefab/VIASS VRMusic_lighting poin_BG1 Variant.prefab
  artifactKey: Guid(9a3ca4decbfa545f5b3842df81b200d0) Importer(815301076,1909f56bfc062723c751e8b465ee728b)
Start importing Assets/VIASS VR Music Boxing Pack/File prefab/VIASS VRMusic_lighting poin_BG1 Variant.prefab using Guid(9a3ca4decbfa545f5b3842df81b200d0) Importer(815301076,1909f56bfc062723c751e8b465ee728b)  -> (artifact id: '13334804bcfa85ce6cd3eb067e9478d4') in 0.036110 seconds 
========================================================================
Received Import Request.
  Time since last request: 0.000056 seconds.
  path: Assets/VIASS VR Music Boxing Pack/File prefab/VIASS_StraightBeatBox_anim Variant.prefab
  artifactKey: Guid(c013d17040a7345ab89d3896790ea378) Importer(815301076,1909f56bfc062723c751e8b465ee728b)
Start importing Assets/VIASS VR Music Boxing Pack/File prefab/VIASS_StraightBeatBox_anim Variant.prefab using Guid(c013d17040a7345ab89d3896790ea378) Importer(815301076,1909f56bfc062723c751e8b465ee728b)  -> (artifact id: '512c4e8a5fa86b6f4c34450541397eae') in 0.165629 seconds 
========================================================================
Received Import Request.
  Time since last request: 0.000038 seconds.
  path: Assets/VIASS VR Music Boxing Pack/File prefab/VIASS_Beat Variant.prefab
  artifactKey: Guid(e5763bc0862dd4da4b17a44f038f7069) Importer(815301076,1909f56bfc062723c751e8b465ee728b)
Start importing Assets/VIASS VR Music Boxing Pack/File prefab/VIASS_Beat Variant.prefab using Guid(e5763bc0862dd4da4b17a44f038f7069) Importer(815301076,1909f56bfc062723c751e8b465ee728b)  -> (artifact id: '80947b4000dc82c8cf42d4f7b7f44772') in 0.006655 seconds 
========================================================================
Received Import Request.
  Time since last request: 0.000038 seconds.
  path: Assets/VIASS VR Music Boxing Pack/File prefab/VIASS_CrossBeatBox_anim Variant.prefab
  artifactKey: Guid(d3ad613f9936a449388df1dcaa79efae) Importer(815301076,1909f56bfc062723c751e8b465ee728b)
Start importing Assets/VIASS VR Music Boxing Pack/File prefab/VIASS_CrossBeatBox_anim Variant.prefab using Guid(d3ad613f9936a449388df1dcaa79efae) Importer(815301076,1909f56bfc062723c751e8b465ee728b)  -> (artifact id: '2bbae22daadfb2dad81a54e2a50c676f') in 0.007611 seconds 
========================================================================
Received Import Request.
  Time since last request: 0.000054 seconds.
  path: Assets/VIASS VR Music Boxing Pack/File prefab/VIASS_CenterBeatBox_anim Variant.prefab
  artifactKey: Guid(574efe65c19634cfd9c93bde024d9edc) Importer(815301076,1909f56bfc062723c751e8b465ee728b)
Start importing Assets/VIASS VR Music Boxing Pack/File prefab/VIASS_CenterBeatBox_anim Variant.prefab using Guid(574efe65c19634cfd9c93bde024d9edc) Importer(815301076,1909f56bfc062723c751e8b465ee728b)  -> (artifact id: '795fa16b85e38aba6f9a86a524996941') in 0.006818 seconds 
========================================================================
Received Import Request.
  Time since last request: 0.000051 seconds.
  path: Assets/VIASS VR Music Boxing Pack/File prefab/VIASS_Text Variant.prefab
  artifactKey: Guid(0136e962ef9394ea0af1bd2c22c3c6a9) Importer(815301076,1909f56bfc062723c751e8b465ee728b)
Start importing Assets/VIASS VR Music Boxing Pack/File prefab/VIASS_Text Variant.prefab using Guid(0136e962ef9394ea0af1bd2c22c3c6a9) Importer(815301076,1909f56bfc062723c751e8b465ee728b)  -> (artifact id: 'e0091a6627828944b5f3a27bf054396b') in 0.185556 seconds 
========================================================================
Received Prepare
Registering precompiled user dll's ...
Registered in 0.001837 seconds.
Begin MonoManager ReloadAssembly
Thread 0x292477000 may have been prematurely finalized
Symbol file LoadedFromMemory doesn't match image /Users/Tamer/Library/CloudStorage/OneDrive-Personal/UOL GoldSmiths/Level 6/VR/BoxingGym_VR/Library/PackageCache/com.unity.visualscripting@1.7.6/Editor/VisualScripting.Core/Dependencies/YamlDotNet/Unity.VisualScripting.YamlDotNet.dll
Symbol file LoadedFromMemory is not a mono symbol file
Symbol file LoadedFromMemory doesn't match image /Users/Tamer/Library/CloudStorage/OneDrive-Personal/UOL GoldSmiths/Level 6/VR/BoxingGym_VR/Library/PackageCache/com.unity.visualscripting@1.7.6/Editor/VisualScripting.Core/Dependencies/DotNetZip/Unity.VisualScripting.IonicZip.dll
Native extension for Android target not found
Native extension for OSXStandalone target not found
Refreshing native plugins compatible for Editor in 0.47 ms, found 3 plugins.
Preloading 1 native plugins for Editor in 0.23 ms.
Mono: successfully reloaded assembly
- Completed reload, in  0.625 seconds
Domain Reload Profiling:
	ReloadAssembly (626ms)
		BeginReloadAssembly (74ms)
			ExecutionOrderSort (0ms)
			DisableScriptedObjects (2ms)
			BackupInstance (0ms)
			ReleaseScriptingObjects (0ms)
			CreateAndSetChildDomain (27ms)
		EndReloadAssembly (496ms)
			LoadAssemblies (33ms)
			RebuildTransferFunctionScriptingTraits (0ms)
			SetupTypeCache (170ms)
			ReleaseScriptCaches (1ms)
			RebuildScriptCaches (28ms)
			SetupLoadedEditorAssemblies (227ms)
				LogAssemblyErrors (0ms)
				InitializePlatformSupportModulesInManaged (10ms)
				SetLoadedEditorAssemblies (0ms)
				RefreshPlugins (1ms)
				BeforeProcessingInitializeOnLoad (46ms)
				ProcessInitializeOnLoadAttributes (155ms)
				ProcessInitializeOnLoadMethodAttributes (14ms)
				AfterProcessingInitializeOnLoad (1ms)
				EditorAssembliesLoaded (0ms)
			ExecutionOrderSort2 (0ms)
			AwakeInstancesAfterBackupRestoration (2ms)
Platform modules already initialized, skipping
Refreshing native plugins compatible for Editor in 1.01 ms, found 3 plugins.
Preloading 1 native plugins for Editor in 0.23 ms.
Unloading 3942 Unused Serialized files (Serialized files now loaded: 0)
Unloading 18 unused Assets / (73.1 KB). Loaded Objects now: 4469.
Memory consumption went from 273.9 MB to 273.9 MB.
Total: 2.345333 ms (FindLiveObjects: 0.117625 ms CreateObjectMapping: 0.046459 ms MarkObjects: 2.106083 ms  DeleteObjects: 0.074666 ms)

AssetImportParameters requested are different than current active one (requested -> active):
  custom:video-decoder-ogg-theora: a1e56fd34408186e4bbccfd4996cb3dc -> 
  custom:container-muxer-webm: aa71ff27fc2769a1b78a27578f13a17b -> 
  custom:container-demuxer-webm: 4f35f7cbe854078d1ac9338744f61a02 -> 
  custom:video-encoder-webm-vp8: eb34c28f22e8b96e1ab97ce403110664 -> 
  custom:framework-osx-AVFoundation: e770b220cccbd017edd2c1fefb359320 -> 
  custom:audio-encoder-webm-vorbis: bf7c407c2cedff20999df2af8eb42d56 -> 
  custom:container-demuxer-ogg: 62fdf1f143b41e24485cea50d1cbac27 -> 
  custom:video-decoder-webm-vp8: 9c59270c3fd7afecdb556c50c9e8de78 -> 
  custom:audio-decoder-ogg-vorbis: bf7c407c2cedff20999df2af8eb42d56 -> 
========================================================================
Received Prepare
Refreshing native plugins compatible for Editor in 1.88 ms, found 3 plugins.
Preloading 1 native plugins for Editor in 0.22 ms.
Unloading 18 Unused Serialized files (Serialized files now loaded: 0)
Unloading 18 unused Assets / (72.1 KB). Loaded Objects now: 4469.
Memory consumption went from 194.2 MB to 194.1 MB.
Total: 2.292667 ms (FindLiveObjects: 0.119416 ms CreateObjectMapping: 0.049834 ms MarkObjects: 2.065541 ms  DeleteObjects: 0.057375 ms)

AssetImportParameters requested are different than current active one (requested -> active):
  custom:video-decoder-ogg-theora: a1e56fd34408186e4bbccfd4996cb3dc -> 
  custom:container-muxer-webm: aa71ff27fc2769a1b78a27578f13a17b -> 
  custom:container-demuxer-webm: 4f35f7cbe854078d1ac9338744f61a02 -> 
  custom:video-encoder-webm-vp8: eb34c28f22e8b96e1ab97ce403110664 -> 
  custom:framework-osx-AVFoundation: e770b220cccbd017edd2c1fefb359320 -> 
  custom:audio-encoder-webm-vorbis: bf7c407c2cedff20999df2af8eb42d56 -> 
  custom:container-demuxer-ogg: 62fdf1f143b41e24485cea50d1cbac27 -> 
  custom:video-decoder-webm-vp8: 9c59270c3fd7afecdb556c50c9e8de78 -> 
  custom:audio-decoder-ogg-vorbis: bf7c407c2cedff20999df2af8eb42d56 -> 
========================================================================
Received Prepare
Refreshing native plugins compatible for Editor in 2.10 ms, found 3 plugins.
Preloading 1 native plugins for Editor in 0.25 ms.
Unloading 18 Unused Serialized files (Serialized files now loaded: 0)
Unloading 18 unused Assets / (72.1 KB). Loaded Objects now: 4469.
Memory consumption went from 194.2 MB to 194.1 MB.
Total: 2.170750 ms (FindLiveObjects: 0.099666 ms CreateObjectMapping: 0.047417 ms MarkObjects: 1.980084 ms  DeleteObjects: 0.043167 ms)

AssetImportParameters requested are different than current active one (requested -> active):
  custom:video-decoder-ogg-theora: a1e56fd34408186e4bbccfd4996cb3dc -> 
  custom:container-muxer-webm: aa71ff27fc2769a1b78a27578f13a17b -> 
  custom:container-demuxer-webm: 4f35f7cbe854078d1ac9338744f61a02 -> 
  custom:video-encoder-webm-vp8: eb34c28f22e8b96e1ab97ce403110664 -> 
  custom:framework-osx-AVFoundation: e770b220cccbd017edd2c1fefb359320 -> 
  custom:audio-encoder-webm-vorbis: bf7c407c2cedff20999df2af8eb42d56 -> 
  custom:container-demuxer-ogg: 62fdf1f143b41e24485cea50d1cbac27 -> 
  custom:video-decoder-webm-vp8: 9c59270c3fd7afecdb556c50c9e8de78 -> 
  custom:audio-decoder-ogg-vorbis: bf7c407c2cedff20999df2af8eb42d56 -> 
========================================================================
Received Import Request.
  Time since last request: 1080.896918 seconds.
  path: Assets/VIASS VR Music Boxing Pack/File Material/materials_VIASS_Glovers/VIASS_RedGlover_AlbedoTransparency.mat
  artifactKey: Guid(194117fedd3b1ee4b8059b0cc48e5a99) Importer(815301076,1909f56bfc062723c751e8b465ee728b)
Start importing Assets/VIASS VR Music Boxing Pack/File Material/materials_VIASS_Glovers/VIASS_RedGlover_AlbedoTransparency.mat using Guid(194117fedd3b1ee4b8059b0cc48e5a99) Importer(815301076,1909f56bfc062723c751e8b465ee728b)  -> (artifact id: '00114a29d87f15c5640bcf96ca114917') in 0.105654 seconds 
========================================================================
Received Import Request.
  Time since last request: 2.156542 seconds.
  path: Assets/VIASS VR Music Boxing Pack/File Material/Materials_VIASS_Beat/VIASS_Beat_red_diff.mat
  artifactKey: Guid(27c1c05a73206944ea1c5e4f26d3b98e) Importer(815301076,1909f56bfc062723c751e8b465ee728b)
Start importing Assets/VIASS VR Music Boxing Pack/File Material/Materials_VIASS_Beat/VIASS_Beat_red_diff.mat using Guid(27c1c05a73206944ea1c5e4f26d3b98e) Importer(815301076,1909f56bfc062723c751e8b465ee728b)  -> (artifact id: '537e76791973cbba276ffbb52255a062') in 0.006458 seconds 
========================================================================
Received Prepare
Refreshing native plugins compatible for Editor in 2.04 ms, found 3 plugins.
Preloading 1 native plugins for Editor in 0.26 ms.
Unloading 18 Unused Serialized files (Serialized files now loaded: 0)
Unloading 18 unused Assets / (72.1 KB). Loaded Objects now: 4470.
Memory consumption went from 195.2 MB to 195.2 MB.
Total: 2.408542 ms (FindLiveObjects: 0.101167 ms CreateObjectMapping: 0.045125 ms MarkObjects: 2.219709 ms  DeleteObjects: 0.042209 ms)

AssetImportParameters requested are different than current active one (requested -> active):
  custom:video-decoder-ogg-theora: a1e56fd34408186e4bbccfd4996cb3dc -> 
  custom:container-muxer-webm: aa71ff27fc2769a1b78a27578f13a17b -> 
  custom:container-demuxer-webm: 4f35f7cbe854078d1ac9338744f61a02 -> 
  custom:video-encoder-webm-vp8: eb34c28f22e8b96e1ab97ce403110664 -> 
  custom:framework-osx-AVFoundation: e770b220cccbd017edd2c1fefb359320 -> 
  custom:audio-encoder-webm-vorbis: bf7c407c2cedff20999df2af8eb42d56 -> 
  custom:container-demuxer-ogg: 62fdf1f143b41e24485cea50d1cbac27 -> 
  custom:video-decoder-webm-vp8: 9c59270c3fd7afecdb556c50c9e8de78 -> 
  custom:audio-decoder-ogg-vorbis: bf7c407c2cedff20999df2af8eb42d56 -> 
========================================================================
Received Prepare
Refreshing native plugins compatible for Editor in 1.16 ms, found 3 plugins.
Preloading 1 native plugins for Editor in 0.18 ms.
Unloading 18 Unused Serialized files (Serialized files now loaded: 0)
Unloading 18 unused Assets / (72.2 KB). Loaded Objects now: 4470.
Memory consumption went from 195.3 MB to 195.2 MB.
Total: 2.474792 ms (FindLiveObjects: 0.116375 ms CreateObjectMapping: 0.046458 ms MarkObjects: 2.264792 ms  DeleteObjects: 0.046625 ms)

AssetImportParameters requested are different than current active one (requested -> active):
  custom:video-decoder-ogg-theora: a1e56fd34408186e4bbccfd4996cb3dc -> 
  custom:container-muxer-webm: aa71ff27fc2769a1b78a27578f13a17b -> 
  custom:container-demuxer-webm: 4f35f7cbe854078d1ac9338744f61a02 -> 
  custom:video-encoder-webm-vp8: eb34c28f22e8b96e1ab97ce403110664 -> 
  custom:framework-osx-AVFoundation: e770b220cccbd017edd2c1fefb359320 -> 
  custom:audio-encoder-webm-vorbis: bf7c407c2cedff20999df2af8eb42d56 -> 
  custom:container-demuxer-ogg: 62fdf1f143b41e24485cea50d1cbac27 -> 
  custom:video-decoder-webm-vp8: 9c59270c3fd7afecdb556c50c9e8de78 -> 
  custom:audio-decoder-ogg-vorbis: bf7c407c2cedff20999df2af8eb42d56 -> 
========================================================================
Received Prepare
Refreshing native plugins compatible for Editor in 1.66 ms, found 3 plugins.
Preloading 1 native plugins for Editor in 0.21 ms.
Unloading 18 Unused Serialized files (Serialized files now loaded: 0)
Unloading 18 unused Assets / (72.2 KB). Loaded Objects now: 4470.
Memory consumption went from 195.3 MB to 195.2 MB.
Total: 2.610791 ms (FindLiveObjects: 0.109625 ms CreateObjectMapping: 0.048459 ms MarkObjects: 2.392958 ms  DeleteObjects: 0.059375 ms)

AssetImportParameters requested are different than current active one (requested -> active):
  custom:video-decoder-ogg-theora: a1e56fd34408186e4bbccfd4996cb3dc -> 
  custom:container-muxer-webm: aa71ff27fc2769a1b78a27578f13a17b -> 
  custom:container-demuxer-webm: 4f35f7cbe854078d1ac9338744f61a02 -> 
  custom:video-encoder-webm-vp8: eb34c28f22e8b96e1ab97ce403110664 -> 
  custom:framework-osx-AVFoundation: e770b220cccbd017edd2c1fefb359320 -> 
  custom:audio-encoder-webm-vorbis: bf7c407c2cedff20999df2af8eb42d56 -> 
  custom:container-demuxer-ogg: 62fdf1f143b41e24485cea50d1cbac27 -> 
  custom:video-decoder-webm-vp8: 9c59270c3fd7afecdb556c50c9e8de78 -> 
  custom:audio-decoder-ogg-vorbis: bf7c407c2cedff20999df2af8eb42d56 -> 
========================================================================
Received Prepare
Registering precompiled user dll's ...
Registered in 0.002840 seconds.
Begin MonoManager ReloadAssembly
Thread 0x16f5fb000 may have been prematurely finalized
Symbol file LoadedFromMemory doesn't match image /Users/Tamer/Library/CloudStorage/OneDrive-Personal/UOL GoldSmiths/Level 6/VR/BoxingGym_VR/Library/PackageCache/com.unity.visualscripting@1.7.6/Editor/VisualScripting.Core/Dependencies/YamlDotNet/Unity.VisualScripting.YamlDotNet.dll
Symbol file LoadedFromMemory is not a mono symbol file
Symbol file LoadedFromMemory doesn't match image /Users/Tamer/Library/CloudStorage/OneDrive-Personal/UOL GoldSmiths/Level 6/VR/BoxingGym_VR/Library/PackageCache/com.unity.visualscripting@1.7.6/Editor/VisualScripting.Core/Dependencies/DotNetZip/Unity.VisualScripting.IonicZip.dll
Native extension for Android target not found
Native extension for OSXStandalone target not found
Refreshing native plugins compatible for Editor in 0.53 ms, found 3 plugins.
Preloading 1 native plugins for Editor in 0.27 ms.
Mono: successfully reloaded assembly
- Completed reload, in  0.634 seconds
Domain Reload Profiling:
	ReloadAssembly (635ms)
		BeginReloadAssembly (74ms)
			ExecutionOrderSort (0ms)
			DisableScriptedObjects (2ms)
			BackupInstance (0ms)
			ReleaseScriptingObjects (0ms)
			CreateAndSetChildDomain (26ms)
		EndReloadAssembly (504ms)
			LoadAssemblies (34ms)
			RebuildTransferFunctionScriptingTraits (0ms)
			SetupTypeCache (170ms)
			ReleaseScriptCaches (1ms)
			RebuildScriptCaches (30ms)
			SetupLoadedEditorAssemblies (233ms)
				LogAssemblyErrors (0ms)
				InitializePlatformSupportModulesInManaged (10ms)
				SetLoadedEditorAssemblies (0ms)
				RefreshPlugins (1ms)
				BeforeProcessingInitializeOnLoad (56ms)
				ProcessInitializeOnLoadAttributes (154ms)
				ProcessInitializeOnLoadMethodAttributes (12ms)
				AfterProcessingInitializeOnLoad (1ms)
				EditorAssembliesLoaded (0ms)
			ExecutionOrderSort2 (0ms)
			AwakeInstancesAfterBackupRestoration (2ms)
Platform modules already initialized, skipping
Refreshing native plugins compatible for Editor in 1.17 ms, found 3 plugins.
Preloading 1 native plugins for Editor in 0.28 ms.
Unloading 3942 Unused Serialized files (Serialized files now loaded: 0)
Unloading 18 unused Assets / (72.1 KB). Loaded Objects now: 4473.
Memory consumption went from 274.2 MB to 274.1 MB.
Total: 2.250791 ms (FindLiveObjects: 0.107375 ms CreateObjectMapping: 0.045458 ms MarkObjects: 2.036750 ms  DeleteObjects: 0.060625 ms)

AssetImportParameters requested are different than current active one (requested -> active):
  custom:video-decoder-ogg-theora: a1e56fd34408186e4bbccfd4996cb3dc -> 
  custom:container-muxer-webm: aa71ff27fc2769a1b78a27578f13a17b -> 
  custom:container-demuxer-webm: 4f35f7cbe854078d1ac9338744f61a02 -> 
  custom:video-encoder-webm-vp8: eb34c28f22e8b96e1ab97ce403110664 -> 
  custom:framework-osx-AVFoundation: e770b220cccbd017edd2c1fefb359320 -> 
  custom:audio-encoder-webm-vorbis: bf7c407c2cedff20999df2af8eb42d56 -> 
  custom:container-demuxer-ogg: 62fdf1f143b41e24485cea50d1cbac27 -> 
  custom:video-decoder-webm-vp8: 9c59270c3fd7afecdb556c50c9e8de78 -> 
  custom:audio-decoder-ogg-vorbis: bf7c407c2cedff20999df2af8eb42d56 -> 
========================================================================
Received Prepare
Refreshing native plugins compatible for Editor in 2.80 ms, found 3 plugins.
Preloading 1 native plugins for Editor in 0.23 ms.
Unloading 18 Unused Serialized files (Serialized files now loaded: 0)
Unloading 18 unused Assets / (72.1 KB). Loaded Objects now: 4473.
Memory consumption went from 194.5 MB to 194.4 MB.
Total: 2.470000 ms (FindLiveObjects: 0.133709 ms CreateObjectMapping: 0.048291 ms MarkObjects: 2.232667 ms  DeleteObjects: 0.054834 ms)

AssetImportParameters requested are different than current active one (requested -> active):
  custom:video-decoder-ogg-theora: a1e56fd34408186e4bbccfd4996cb3dc -> 
  custom:container-muxer-webm: aa71ff27fc2769a1b78a27578f13a17b -> 
  custom:container-demuxer-webm: 4f35f7cbe854078d1ac9338744f61a02 -> 
  custom:video-encoder-webm-vp8: eb34c28f22e8b96e1ab97ce403110664 -> 
  custom:framework-osx-AVFoundation: e770b220cccbd017edd2c1fefb359320 -> 
  custom:audio-encoder-webm-vorbis: bf7c407c2cedff20999df2af8eb42d56 -> 
  custom:container-demuxer-ogg: 62fdf1f143b41e24485cea50d1cbac27 -> 
  custom:video-decoder-webm-vp8: 9c59270c3fd7afecdb556c50c9e8de78 -> 
  custom:audio-decoder-ogg-vorbis: bf7c407c2cedff20999df2af8eb42d56 -> 
========================================================================
Received Prepare
Refreshing native plugins compatible for Editor in 1.78 ms, found 3 plugins.
Preloading 1 native plugins for Editor in 0.24 ms.
Unloading 18 Unused Serialized files (Serialized files now loaded: 0)
Unloading 18 unused Assets / (72.2 KB). Loaded Objects now: 4473.
Memory consumption went from 194.5 MB to 194.4 MB.
Total: 2.231917 ms (FindLiveObjects: 0.113166 ms CreateObjectMapping: 0.048250 ms MarkObjects: 2.021208 ms  DeleteObjects: 0.048958 ms)

AssetImportParameters requested are different than current active one (requested -> active):
  custom:video-decoder-ogg-theora: a1e56fd34408186e4bbccfd4996cb3dc -> 
  custom:container-muxer-webm: aa71ff27fc2769a1b78a27578f13a17b -> 
  custom:container-demuxer-webm: 4f35f7cbe854078d1ac9338744f61a02 -> 
  custom:video-encoder-webm-vp8: eb34c28f22e8b96e1ab97ce403110664 -> 
  custom:framework-osx-AVFoundation: e770b220cccbd017edd2c1fefb359320 -> 
  custom:audio-encoder-webm-vorbis: bf7c407c2cedff20999df2af8eb42d56 -> 
  custom:container-demuxer-ogg: 62fdf1f143b41e24485cea50d1cbac27 -> 
  custom:video-decoder-webm-vp8: 9c59270c3fd7afecdb556c50c9e8de78 -> 
  custom:audio-decoder-ogg-vorbis: bf7c407c2cedff20999df2af8eb42d56 -> 
========================================================================
Received Prepare
Refreshing native plugins compatible for Editor in 2.03 ms, found 3 plugins.
Preloading 1 native plugins for Editor in 0.24 ms.
Unloading 18 Unused Serialized files (Serialized files now loaded: 0)
Unloading 18 unused Assets / (72.2 KB). Loaded Objects now: 4473.
Memory consumption went from 194.5 MB to 194.4 MB.
Total: 2.205125 ms (FindLiveObjects: 0.104250 ms CreateObjectMapping: 0.047375 ms MarkObjects: 2.010000 ms  DeleteObjects: 0.043041 ms)

AssetImportParameters requested are different than current active one (requested -> active):
  custom:video-decoder-ogg-theora: a1e56fd34408186e4bbccfd4996cb3dc -> 
  custom:container-muxer-webm: aa71ff27fc2769a1b78a27578f13a17b -> 
  custom:container-demuxer-webm: 4f35f7cbe854078d1ac9338744f61a02 -> 
  custom:video-encoder-webm-vp8: eb34c28f22e8b96e1ab97ce403110664 -> 
  custom:framework-osx-AVFoundation: e770b220cccbd017edd2c1fefb359320 -> 
  custom:audio-encoder-webm-vorbis: bf7c407c2cedff20999df2af8eb42d56 -> 
  custom:container-demuxer-ogg: 62fdf1f143b41e24485cea50d1cbac27 -> 
  custom:video-decoder-webm-vp8: 9c59270c3fd7afecdb556c50c9e8de78 -> 
  custom:audio-decoder-ogg-vorbis: bf7c407c2cedff20999df2af8eb42d56 -> 
