Unity Editor version:    2021.2.19f1 (602ecdbb2fb0)
Branch:                  2021.2/staging
Build type:              Release
Batch mode:              YES
macOS version:           Version 12.4 (Build 21F79)
Darwin version:          21.5.0
Architecture:            arm64
Running under Rosetta:   NO
Available memory:        65536 MB
Using pre-set license
Pro License: YES

COMMAND LINE ARGUMENTS:
/Applications/Unity/Hub/Editor/2021.2.19f1/Unity.app/Contents/MacOS/Unity
-adb2
-batchMode
-noUpm
-name
AssetImportWorker0
-projectPath
/Users/Tamer/Library/CloudStorage/OneDrive-Personal/UOL GoldSmiths/Level 6/VR/BoxingGym_VR
-logFile
Logs/AssetImportWorker0.log
-srvPort
60633
Successfully changed project path to: /Users/Tamer/Library/CloudStorage/OneDrive-Personal/UOL GoldSmiths/Level 6/VR/BoxingGym_VR
/Users/Tamer/Library/CloudStorage/OneDrive-Personal/UOL GoldSmiths/Level 6/VR/BoxingGym_VR
[UnityMemory] Configuration Parameters - Can be set up in boot.config
    "memorysetup-bucket-allocator-granularity=16"
    "memorysetup-bucket-allocator-bucket-count=8"
    "memorysetup-bucket-allocator-block-size=33554432"
    "memorysetup-bucket-allocator-block-count=8"
    "memorysetup-main-allocator-block-size=16777216"
    "memorysetup-thread-allocator-block-size=16777216"
    "memorysetup-gfx-main-allocator-block-size=16777216"
    "memorysetup-gfx-thread-allocator-block-size=16777216"
    "memorysetup-cache-allocator-block-size=4194304"
    "memorysetup-typetree-allocator-block-size=2097152"
    "memorysetup-profiler-bucket-allocator-granularity=16"
    "memorysetup-profiler-bucket-allocator-bucket-count=8"
    "memorysetup-profiler-bucket-allocator-block-size=33554432"
    "memorysetup-profiler-bucket-allocator-block-count=8"
    "memorysetup-profiler-allocator-block-size=16777216"
    "memorysetup-profiler-editor-allocator-block-size=1048576"
    "memorysetup-temp-allocator-size-main=16777216"
    "memorysetup-job-temp-allocator-block-size=2097152"
    "memorysetup-job-temp-allocator-block-size-background=1048576"
    "memorysetup-job-temp-allocator-reduction-small-platforms=262144"
    "memorysetup-temp-allocator-size-background-worker=32768"
    "memorysetup-temp-allocator-size-job-worker=262144"
    "memorysetup-temp-allocator-size-preload-manager=33554432"
    "memorysetup-temp-allocator-size-nav-mesh-worker=65536"
    "memorysetup-temp-allocator-size-audio-worker=65536"
    "memorysetup-temp-allocator-size-cloud-worker=32768"
    "memorysetup-temp-allocator-size-gi-baking-worker=262144"
    "memorysetup-temp-allocator-size-gfx=262144"
Refreshing native plugins compatible for Editor in 79.33 ms, found 3 plugins.
Preloading 1 native plugins for Editor in 3.12 ms.
Initialize engine version: 2021.2.19f1 (602ecdbb2fb0)
[Subsystems] Discovering subsystems at path /Applications/Unity/Hub/Editor/2021.2.19f1/Unity.app/Contents/Resources/UnitySubsystems
[Subsystems] Discovering subsystems at path /Users/Tamer/Library/CloudStorage/OneDrive-Personal/UOL GoldSmiths/Level 6/VR/BoxingGym_VR/Assets
GfxDevice: creating device client; threaded=0; jobified=0
 preferred device: Apple M1 Max (high power)
Metal devices available: 1
0: Apple M1 Max (high power)
Using device Apple M1 Max (high power)
Initializing Metal device caps: Apple M1 Max
Initialize mono
Mono path[0] = '/Applications/Unity/Hub/Editor/2021.2.19f1/Unity.app/Contents/Managed'
Mono path[1] = '/Applications/Unity/Hub/Editor/2021.2.19f1/Unity.app/Contents/MonoBleedingEdge/lib/mono/unityjit-macos'
Mono config path = '/Applications/Unity/Hub/Editor/2021.2.19f1/Unity.app/Contents/MonoBleedingEdge/etc'
Using monoOptions --debugger-agent=transport=dt_socket,embedding=1,server=y,suspend=n,address=127.0.0.1:56775
Begin MonoManager ReloadAssembly
Registering precompiled unity dll's ...
Register platform support module: /Applications/Unity/Hub/Editor/2021.2.19f1/Unity.app/Contents/PlaybackEngines/MacStandaloneSupport/UnityEditor.OSXStandalone.Extensions.dll
Register platform support module: /Applications/Unity/Hub/Editor/2021.2.19f1/PlaybackEngines/AndroidPlayer/UnityEditor.Android.Extensions.dll
Registered in 0.000679 seconds.
Native extension for Android target not found
Native extension for OSXStandalone target not found
Refreshing native plugins compatible for Editor in 81.76 ms, found 3 plugins.
Preloading 1 native plugins for Editor in 0.25 ms.
Mono: successfully reloaded assembly
- Completed reload, in  0.393 seconds
Domain Reload Profiling:
	ReloadAssembly (393ms)
		BeginReloadAssembly (27ms)
			ExecutionOrderSort (0ms)
			DisableScriptedObjects (0ms)
			BackupInstance (0ms)
			ReleaseScriptingObjects (0ms)
			CreateAndSetChildDomain (0ms)
		EndReloadAssembly (299ms)
			LoadAssemblies (27ms)
			RebuildTransferFunctionScriptingTraits (0ms)
			SetupTypeCache (65ms)
			ReleaseScriptCaches (0ms)
			RebuildScriptCaches (19ms)
			SetupLoadedEditorAssemblies (187ms)
				LogAssemblyErrors (0ms)
				InitializePlatformSupportModulesInManaged (28ms)
				SetLoadedEditorAssemblies (0ms)
				RefreshPlugins (82ms)
				BeforeProcessingInitializeOnLoad (1ms)
				ProcessInitializeOnLoadAttributes (51ms)
				ProcessInitializeOnLoadMethodAttributes (25ms)
				AfterProcessingInitializeOnLoad (0ms)
				EditorAssembliesLoaded (0ms)
			ExecutionOrderSort2 (0ms)
			AwakeInstancesAfterBackupRestoration (0ms)
Platform modules already initialized, skipping
Registering precompiled user dll's ...
Registered in 0.002204 seconds.
Begin MonoManager ReloadAssembly
Symbol file LoadedFromMemory doesn't match image /Users/Tamer/Library/CloudStorage/OneDrive-Personal/UOL GoldSmiths/Level 6/VR/BoxingGym_VR/Library/PackageCache/com.unity.visualscripting@1.7.6/Editor/VisualScripting.Core/Dependencies/YamlDotNet/Unity.VisualScripting.YamlDotNet.dll
Symbol file LoadedFromMemory is not a mono symbol file
Symbol file LoadedFromMemory doesn't match image /Users/Tamer/Library/CloudStorage/OneDrive-Personal/UOL GoldSmiths/Level 6/VR/BoxingGym_VR/Library/PackageCache/com.unity.visualscripting@1.7.6/Editor/VisualScripting.Core/Dependencies/DotNetZip/Unity.VisualScripting.IonicZip.dll
Native extension for Android target not found
Native extension for OSXStandalone target not found
Refreshing native plugins compatible for Editor in 79.17 ms, found 3 plugins.
Preloading 1 native plugins for Editor in 0.23 ms.
Package Manager log level set to [2]
Mono: successfully reloaded assembly
- Completed reload, in  0.851 seconds
Domain Reload Profiling:
	ReloadAssembly (852ms)
		BeginReloadAssembly (159ms)
			ExecutionOrderSort (0ms)
			DisableScriptedObjects (4ms)
			BackupInstance (0ms)
			ReleaseScriptingObjects (0ms)
			CreateAndSetChildDomain (116ms)
		EndReloadAssembly (628ms)
			LoadAssemblies (36ms)
			RebuildTransferFunctionScriptingTraits (0ms)
			SetupTypeCache (170ms)
			ReleaseScriptCaches (4ms)
			RebuildScriptCaches (39ms)
			SetupLoadedEditorAssemblies (342ms)
				LogAssemblyErrors (0ms)
				InitializePlatformSupportModulesInManaged (7ms)
				SetLoadedEditorAssemblies (0ms)
				RefreshPlugins (79ms)
				BeforeProcessingInitializeOnLoad (67ms)
				ProcessInitializeOnLoadAttributes (177ms)
				ProcessInitializeOnLoadMethodAttributes (11ms)
				AfterProcessingInitializeOnLoad (1ms)
				EditorAssembliesLoaded (0ms)
			ExecutionOrderSort2 (0ms)
			AwakeInstancesAfterBackupRestoration (2ms)
Platform modules already initialized, skipping
========================================================================
Worker process is ready to serve import requests
Launching external process: /Applications/Unity/Hub/Editor/2021.2.19f1/Unity.app/Contents/Tools/UnityShaderCompiler
Launched and connected shader compiler UnityShaderCompiler after 0.04 seconds
Refreshing native plugins compatible for Editor in 0.48 ms, found 3 plugins.
Preloading 1 native plugins for Editor in 0.24 ms.
Unloading 3959 Unused Serialized files (Serialized files now loaded: 0)
Unloading 28 unused Assets / (95.8 KB). Loaded Objects now: 4423.
Memory consumption went from 260.3 MB to 260.2 MB.
Total: 2.312125 ms (FindLiveObjects: 0.124791 ms CreateObjectMapping: 0.047708 ms MarkObjects: 2.059042 ms  DeleteObjects: 0.079958 ms)

AssetImportParameters requested are different than current active one (requested -> active):
  custom:video-decoder-ogg-theora: a1e56fd34408186e4bbccfd4996cb3dc -> 
  custom:container-muxer-webm: aa71ff27fc2769a1b78a27578f13a17b -> 
  custom:container-demuxer-webm: 4f35f7cbe854078d1ac9338744f61a02 -> 
  custom:video-encoder-webm-vp8: eb34c28f22e8b96e1ab97ce403110664 -> 
  custom:framework-osx-AVFoundation: e770b220cccbd017edd2c1fefb359320 -> 
  custom:audio-encoder-webm-vorbis: bf7c407c2cedff20999df2af8eb42d56 -> 
  custom:container-demuxer-ogg: 62fdf1f143b41e24485cea50d1cbac27 -> 
  custom:video-decoder-webm-vp8: 9c59270c3fd7afecdb556c50c9e8de78 -> 
  custom:audio-decoder-ogg-vorbis: bf7c407c2cedff20999df2af8eb42d56 -> 
========================================================================
Received Import Request.
  Time since last request: 16695.410348 seconds.
  path: Assets/XR/XRGeneralSettings.asset
  artifactKey: Guid(b292f46c6295a4a7d9f7d839a199e7a7) Importer(815301076,1909f56bfc062723c751e8b465ee728b)
Start importing Assets/XR/XRGeneralSettings.asset using Guid(b292f46c6295a4a7d9f7d839a199e7a7) Importer(815301076,1909f56bfc062723c751e8b465ee728b)  -> (artifact id: 'b34264714a7571e98b296babd20eca34') in 0.616676 seconds 
========================================================================
Received Import Request.
  Time since last request: 7.398687 seconds.
  path: Assets/Sounds
  artifactKey: Guid(d6b8f54a5cef5477db26390774a8314f) Importer(815301076,1909f56bfc062723c751e8b465ee728b)
Start importing Assets/Sounds using Guid(d6b8f54a5cef5477db26390774a8314f) Importer(815301076,1909f56bfc062723c751e8b465ee728b)  -> (artifact id: 'fc26272eb77184dc472e7449196b67d2') in 0.001141 seconds 
========================================================================
Received Import Request.
  Time since last request: 11.129198 seconds.
  path: Assets/Scripts
  artifactKey: Guid(602bbfe9cbd4540be8288f36d2478512) Importer(815301076,1909f56bfc062723c751e8b465ee728b)
Start importing Assets/Scripts using Guid(602bbfe9cbd4540be8288f36d2478512) Importer(815301076,1909f56bfc062723c751e8b465ee728b)  -> (artifact id: 'b244414595de2886eab64551eb6a52d5') in 0.000648 seconds 
========================================================================
Received Import Request.
  Time since last request: 318.329032 seconds.
  path: Assets/Prefabs
  artifactKey: Guid(a52497d0b5a8240c9a4fcb61981c8eae) Importer(815301076,1909f56bfc062723c751e8b465ee728b)
Start importing Assets/Prefabs using Guid(a52497d0b5a8240c9a4fcb61981c8eae) Importer(815301076,1909f56bfc062723c751e8b465ee728b)  -> (artifact id: 'e41a87bb3e6824cb043215c67b9f1dc8') in 0.000838 seconds 
========================================================================
Received Import Request.
  Time since last request: 645.014035 seconds.
  path: Assets/VIASS VR Music Boxing Pack/File Material/Materials_Environment BG2/penta_mat.mat
  artifactKey: Guid(b223a82368bc7d84e9a636d3500b7fea) Importer(815301076,1909f56bfc062723c751e8b465ee728b)
Start importing Assets/VIASS VR Music Boxing Pack/File Material/Materials_Environment BG2/penta_mat.mat using Guid(b223a82368bc7d84e9a636d3500b7fea) Importer(815301076,1909f56bfc062723c751e8b465ee728b)  -> (artifact id: '3b7f88d3771b87ff4aa2e1b6f6c5270e') in 0.259839 seconds 
========================================================================
Received Import Request.
  Time since last request: 0.000054 seconds.
  path: Assets/VIASS VR Music Boxing Pack/File Material/Materials_Environment BG2/VIASS_tube2.mat
  artifactKey: Guid(e5e3ab8308bb68649af84dd24502c319) Importer(815301076,1909f56bfc062723c751e8b465ee728b)
Start importing Assets/VIASS VR Music Boxing Pack/File Material/Materials_Environment BG2/VIASS_tube2.mat using Guid(e5e3ab8308bb68649af84dd24502c319) Importer(815301076,1909f56bfc062723c751e8b465ee728b)  -> (artifact id: '3330ae9609ba1c9c602fc1aed6e0f69c') in 0.193072 seconds 
========================================================================
Received Import Request.
  Time since last request: 0.000032 seconds.
  path: Assets/VIASS VR Music Boxing Pack/File Material/Materials_Environment BG2/VIASS_neon.mat
  artifactKey: Guid(abff491820f7acf40bf318706152e3c8) Importer(815301076,1909f56bfc062723c751e8b465ee728b)
Start importing Assets/VIASS VR Music Boxing Pack/File Material/Materials_Environment BG2/VIASS_neon.mat using Guid(abff491820f7acf40bf318706152e3c8) Importer(815301076,1909f56bfc062723c751e8b465ee728b)  -> (artifact id: 'c3862f9ac54dab64199e9e0d11a3c6f1') in 0.064744 seconds 
========================================================================
Received Import Request.
  Time since last request: 0.000051 seconds.
  path: Assets/VIASS VR Music Boxing Pack/File Material/Materials_Environment BG2/VIASS_ring_anim.mat
  artifactKey: Guid(4b840e108f2c7a242856dd8545a93178) Importer(815301076,1909f56bfc062723c751e8b465ee728b)
Start importing Assets/VIASS VR Music Boxing Pack/File Material/Materials_Environment BG2/VIASS_ring_anim.mat using Guid(4b840e108f2c7a242856dd8545a93178) Importer(815301076,1909f56bfc062723c751e8b465ee728b)  -> (artifact id: '4789cb235092d2a995506e7c5c566dc0') in 0.174996 seconds 
========================================================================
Received Import Request.
  Time since last request: 0.762507 seconds.
  path: Assets/VIASS VR Music Boxing Pack/File Material/Materials_VIASS Environment BG1/APV_VR-Music_texture-lighring-torus2.mat
  artifactKey: Guid(f2942b7beaa288c4997f65b8ff1b2386) Importer(815301076,1909f56bfc062723c751e8b465ee728b)
Start importing Assets/VIASS VR Music Boxing Pack/File Material/Materials_VIASS Environment BG1/APV_VR-Music_texture-lighring-torus2.mat using Guid(f2942b7beaa288c4997f65b8ff1b2386) Importer(815301076,1909f56bfc062723c751e8b465ee728b)  -> (artifact id: '24b8d1b225fb491ec066da443bd74503') in 0.129849 seconds 
========================================================================
Received Import Request.
  Time since last request: 0.000036 seconds.
  path: Assets/VIASS VR Music Boxing Pack/File Material/Materials_VIASS Environment BG1/VIASS VRMusic_color2_BG1.mat
  artifactKey: Guid(82e7a7e5fe6099f4eabd702a1b806306) Importer(815301076,1909f56bfc062723c751e8b465ee728b)
Start importing Assets/VIASS VR Music Boxing Pack/File Material/Materials_VIASS Environment BG1/VIASS VRMusic_color2_BG1.mat using Guid(82e7a7e5fe6099f4eabd702a1b806306) Importer(815301076,1909f56bfc062723c751e8b465ee728b)  -> (artifact id: 'd94d24c5883b220c18aaf053165fa411') in 0.005230 seconds 
========================================================================
Received Import Request.
  Time since last request: 0.000041 seconds.
  path: Assets/VIASS VR Music Boxing Pack/File Material/Materials_VIASS Environment BG1/VIASS VRMusic_BG1.mat
  artifactKey: Guid(15d29d7178b12554fa20b0725e765e82) Importer(815301076,1909f56bfc062723c751e8b465ee728b)
Start importing Assets/VIASS VR Music Boxing Pack/File Material/Materials_VIASS Environment BG1/VIASS VRMusic_BG1.mat using Guid(15d29d7178b12554fa20b0725e765e82) Importer(815301076,1909f56bfc062723c751e8b465ee728b)  -> (artifact id: '03f9e403248d776b49ac11c8e8ef698e') in 0.005071 seconds 
========================================================================
Received Import Request.
  Time since last request: 0.000034 seconds.
  path: Assets/VIASS VR Music Boxing Pack/File Material/Materials_VIASS Environment BG1/VIASS VRMusic_Race _BG1.mat
  artifactKey: Guid(d9a7ee690a86c1441b4e0356bf007346) Importer(815301076,1909f56bfc062723c751e8b465ee728b)
Start importing Assets/VIASS VR Music Boxing Pack/File Material/Materials_VIASS Environment BG1/VIASS VRMusic_Race _BG1.mat using Guid(d9a7ee690a86c1441b4e0356bf007346) Importer(815301076,1909f56bfc062723c751e8b465ee728b)  -> (artifact id: '4775a16f512a61b929b4fbc0ef060224') in 0.005198 seconds 
========================================================================
Received Import Request.
  Time since last request: 0.000037 seconds.
  path: Assets/VIASS VR Music Boxing Pack/File Material/Materials_VIASS Environment BG1/VIASS_bomb_anim.mat
  artifactKey: Guid(1ce172bad536d67438051c0399db9b95) Importer(815301076,1909f56bfc062723c751e8b465ee728b)
Start importing Assets/VIASS VR Music Boxing Pack/File Material/Materials_VIASS Environment BG1/VIASS_bomb_anim.mat using Guid(1ce172bad536d67438051c0399db9b95) Importer(815301076,1909f56bfc062723c751e8b465ee728b)  -> (artifact id: '8572f2a5bfef8cabbb464025216c49e9') in 0.004687 seconds 
========================================================================
Received Import Request.
  Time since last request: 0.000031 seconds.
  path: Assets/VIASS VR Music Boxing Pack/File Material/Materials_VIASS Environment BG1/VIASS VRMusic_lighting Neon_BG1.mat
  artifactKey: Guid(ba21e5527f34fa74e88d5eb294d8bc37) Importer(815301076,1909f56bfc062723c751e8b465ee728b)
Start importing Assets/VIASS VR Music Boxing Pack/File Material/Materials_VIASS Environment BG1/VIASS VRMusic_lighting Neon_BG1.mat using Guid(ba21e5527f34fa74e88d5eb294d8bc37) Importer(815301076,1909f56bfc062723c751e8b465ee728b)  -> (artifact id: '062ac289e9c39d285bdb058473d425ac') in 0.161209 seconds 
========================================================================
Received Import Request.
  Time since last request: 2.725985 seconds.
  path: Assets/VIASS VR Music Boxing Pack/File prefab/VIASS VRMusic_lighting Neon_BG1 Variant.prefab
  artifactKey: Guid(9ca9ab68c80ff48a4bee4c343aeeb6fb) Importer(815301076,1909f56bfc062723c751e8b465ee728b)
Start importing Assets/VIASS VR Music Boxing Pack/File prefab/VIASS VRMusic_lighting Neon_BG1 Variant.prefab using Guid(9ca9ab68c80ff48a4bee4c343aeeb6fb) Importer(815301076,1909f56bfc062723c751e8b465ee728b)  -> (artifact id: '861086fb425ef725393cd09f86295379') in 0.115426 seconds 
========================================================================
Received Import Request.
  Time since last request: 0.000039 seconds.
  path: Assets/VIASS VR Music Boxing Pack/File prefab/VIASS_Glovers_Red Variant.prefab
  artifactKey: Guid(f17efa25ac0da4f7e899132c4384d9e3) Importer(815301076,1909f56bfc062723c751e8b465ee728b)
Start importing Assets/VIASS VR Music Boxing Pack/File prefab/VIASS_Glovers_Red Variant.prefab using Guid(f17efa25ac0da4f7e899132c4384d9e3) Importer(815301076,1909f56bfc062723c751e8b465ee728b)  -> (artifact id: 'db5797c48507fa5f60494524af7bc5fc') in 0.206020 seconds 
========================================================================
Received Import Request.
  Time since last request: 0.000030 seconds.
  path: Assets/VIASS VR Music Boxing Pack/File prefab/VIASS_lightcylinder01_mesh Variant.prefab
  artifactKey: Guid(89aa1b4a9eee6499ab87d3ff7458f29f) Importer(815301076,1909f56bfc062723c751e8b465ee728b)
Start importing Assets/VIASS VR Music Boxing Pack/File prefab/VIASS_lightcylinder01_mesh Variant.prefab using Guid(89aa1b4a9eee6499ab87d3ff7458f29f) Importer(815301076,1909f56bfc062723c751e8b465ee728b)  -> (artifact id: '333f8466cda7d61c60cb7616a3c14f0a') in 0.013049 seconds 
========================================================================
Received Import Request.
  Time since last request: 0.000040 seconds.
  path: Assets/VIASS VR Music Boxing Pack/File prefab/VIASS_Glovers_Blue Variant.prefab
  artifactKey: Guid(f60724a41ead543e3ab766b985c1c0b0) Importer(815301076,1909f56bfc062723c751e8b465ee728b)
Start importing Assets/VIASS VR Music Boxing Pack/File prefab/VIASS_Glovers_Blue Variant.prefab using Guid(f60724a41ead543e3ab766b985c1c0b0) Importer(815301076,1909f56bfc062723c751e8b465ee728b)  -> (artifact id: '1af022f79b86dd87590314baf2f7190c') in 0.006664 seconds 
